<?xml version="1.0" encoding="UTF-8"?>
<testng-results skipped="0" failed="0" total="4" passed="4">
  <reporter-output>
  </reporter-output>
  <suite name="Default suite" duration-ms="26" started-at="2018-09-25T08:50:13Z" finished-at="2018-09-25T08:50:13Z">
    <groups>
    </groups>
    <test name="Default test" duration-ms="26" started-at="2018-09-25T08:50:13Z" finished-at="2018-09-25T08:50:13Z">
      <class name="calculator.calcy3">
        <test-method status="PASS" signature="div()[pri:0, instance:calculator.calcy3@548a9f61]" name="div" duration-ms="9" started-at="2018-09-25T14:20:13Z" finished-at="2018-09-25T14:20:13Z">
          <reporter-output>
          </reporter-output>
        </test-method> <!-- div -->
        <test-method status="PASS" signature="mult()[pri:0, instance:calculator.calcy3@548a9f61]" name="mult" duration-ms="1" started-at="2018-09-25T14:20:13Z" finished-at="2018-09-25T14:20:13Z">
          <reporter-output>
          </reporter-output>
        </test-method> <!-- mult -->
        <test-method status="PASS" signature="sub()[pri:0, instance:calculator.calcy3@548a9f61]" name="sub" duration-ms="1" started-at="2018-09-25T14:20:13Z" finished-at="2018-09-25T14:20:13Z">
          <reporter-output>
          </reporter-output>
        </test-method> <!-- sub -->
        <test-method status="PASS" signature="sum()[pri:0, instance:calculator.calcy3@548a9f61]" name="sum" duration-ms="1" started-at="2018-09-25T14:20:13Z" finished-at="2018-09-25T14:20:13Z">
          <reporter-output>
          </reporter-output>
        </test-method> <!-- sum -->
      </class> <!-- calculator.calcy3 -->
    </test> <!-- Default test -->
  </suite> <!-- Default suite -->
</testng-results>
